# JRE version: Java(TM) SE Runtime Environment (8.0_111-b14) (build 1.8.0_111-b14)
# Java VM: Java HotSpot(TM) 64-Bit Server VM (25.111-b14 mixed mode windows-amd64 compressed oops)
Heap:
 PSYoungGen      total 14848K, used 2551K [0x00000000f5980000, 0x00000000f7600000, 0x0000000100000000)
  eden space 12288K, 0% used [0x00000000f5980000,0x00000000f5980000,0x00000000f6580000)
  from space 2560K, 99% used [0x00000000f6580000,0x00000000f67fddd8,0x00000000f6800000)
  to   space 5120K, 0% used [0x00000000f7100000,0x00000000f7100000,0x00000000f7600000)
 ParOldGen       total 10240K, used 9095K [0x00000000e0c00000, 0x00000000e1600000, 0x00000000f5980000)
  object space 10240K, 88% used [0x00000000e0c00000,0x00000000e14e1e38,0x00000000e1600000)
 Metaspace       used 7702K, capacity 8436K, committed 8704K, reserved 1056768K
  class space    used 912K, capacity 944K, committed 1024K, reserved 1048576K
GC Heap History (10 events):
Event: 0.702 GC heap after
Heap after GC invocations=4 (full 0):
 PSYoungGen      total 6656K, used 480K [0x00000000f5980000, 0x00000000f6080000, 0x0000000100000000)
  eden space 6144K, 0% used [0x00000000f5980000,0x00000000f5980000,0x00000000f5f80000)
  from space 512K, 93% used [0x00000000f6000000,0x00000000f6078030,0x00000000f6080000)
  to   space 512K, 0% used [0x00000000f5f80000,0x00000000f5f80000,0x00000000f6000000)
 ParOldGen       total 5632K, used 971K [0x00000000e0c00000, 0x00000000e1180000, 0x00000000f5980000)
  object space 5632K, 17% used [0x00000000e0c00000,0x00000000e0cf2c60,0x00000000e1180000)
 Metaspace       used 6368K, capacity 7380K, committed 7552K, reserved 1056768K
  class space    used 814K, capacity 848K, committed 896K, reserved 1048576K
}
Event: 1.106 GC heap before
{Heap before GC invocations=5 (full 0):
 PSYoungGen      total 6656K, used 6624K [0x00000000f5980000, 0x00000000f6080000, 0x0000000100000000)
  eden space 6144K, 100% used [0x00000000f5980000,0x00000000f5f80000,0x00000000f5f80000)
  from space 512K, 93% used [0x00000000f6000000,0x00000000f6078030,0x00000000f6080000)
  to   space 512K, 0% used [0x00000000f5f80000,0x00000000f5f80000,0x00000000f6000000)
 ParOldGen       total 5632K, used 971K [0x00000000e0c00000, 0x00000000e1180000, 0x00000000f5980000)
  object space 5632K, 17% used [0x00000000e0c00000,0x00000000e0cf2c60,0x00000000e1180000)
 Metaspace       used 7438K, capacity 8308K, committed 8448K, reserved 1056768K
  class space    used 896K, capacity 944K, committed 1024K, reserved 1048576K
Event: 1.111 GC heap after
Heap after GC invocations=5 (full 0):
 PSYoungGen      total 6656K, used 480K [0x00000000f5980000, 0x00000000f6a80000, 0x0000000100000000)
  eden space 6144K, 0% used [0x00000000f5980000,0x00000000f5980000,0x00000000f5f80000)
  from space 512K, 93% used [0x00000000f5f80000,0x00000000f5ff8030,0x00000000f6000000)
  to   space 2560K, 0% used [0x00000000f6800000,0x00000000f6800000,0x00000000f6a80000)
 ParOldGen       total 5632K, used 3075K [0x00000000e0c00000, 0x00000000e1180000, 0x00000000f5980000)
  object space 5632K, 54% used [0x00000000e0c00000,0x00000000e0f00e20,0x00000000e1180000)
 Metaspace       used 7438K, capacity 8308K, committed 8448K, reserved 1056768K
  class space    used 896K, capacity 944K, committed 1024K, reserved 1048576K
}
Event: 1.239 GC heap before
{Heap before GC invocations=6 (full 0):
 PSYoungGen      total 6656K, used 6624K [0x00000000f5980000, 0x00000000f6a80000, 0x0000000100000000)
  eden space 6144K, 100% used [0x00000000f5980000,0x00000000f5f80000,0x00000000f5f80000)
  from space 512K, 93% used [0x00000000f5f80000,0x00000000f5ff8030,0x00000000f6000000)
  to   space 2560K, 0% used [0x00000000f6800000,0x00000000f6800000,0x00000000f6a80000)
 ParOldGen       total 5632K, used 3075K [0x00000000e0c00000, 0x00000000e1180000, 0x00000000f5980000)
  object space 5632K, 54% used [0x00000000e0c00000,0x00000000e0f00e20,0x00000000e1180000)
 Metaspace       used 7601K, capacity 8372K, committed 8704K, reserved 1056768K
  class space    used 906K, capacity 944K, committed 1024K, reserved 1048576K
Event: 1.272 GC heap after
Heap after GC invocations=6 (full 0):
 PSYoungGen      total 14848K, used 1898K [0x00000000f5980000, 0x00000000f6a80000, 0x0000000100000000)
  eden space 12288K, 0% used [0x00000000f5980000,0x00000000f5980000,0x00000000f6580000)
  from space 2560K, 74% used [0x00000000f6800000,0x00000000f69da8d8,0x00000000f6a80000)
  to   space 2560K, 0% used [0x00000000f6580000,0x00000000f6580000,0x00000000f6800000)
 ParOldGen       total 5632K, used 4581K [0x00000000e0c00000, 0x00000000e1180000, 0x00000000f5980000)
  object space 5632K, 81% used [0x00000000e0c00000,0x00000000e1079580,0x00000000e1180000)
 Metaspace       used 7601K, capacity 8372K, committed 8704K, reserved 1056768K
  class space    used 906K, capacity 944K, committed 1024K, reserved 1048576K
}
Event: 1.272 GC heap before
{Heap before GC invocations=7 (full 1):
 PSYoungGen      total 14848K, used 1898K [0x00000000f5980000, 0x00000000f6a80000, 0x0000000100000000)
  eden space 12288K, 0% used [0x00000000f5980000,0x00000000f5980000,0x00000000f6580000)
  from space 2560K, 74% used [0x00000000f6800000,0x00000000f69da8d8,0x00000000f6a80000)
  to   space 2560K, 0% used [0x00000000f6580000,0x00000000f6580000,0x00000000f6800000)
 ParOldGen       total 5632K, used 4581K [0x00000000e0c00000, 0x00000000e1180000, 0x00000000f5980000)
  object space 5632K, 81% used [0x00000000e0c00000,0x00000000e1079580,0x00000000e1180000)
 Metaspace       used 7601K, capacity 8372K, committed 8704K, reserved 1056768K
  class space    used 906K, capacity 944K, committed 1024K, reserved 1048576K
Event: 1.349 GC heap after
Heap after GC invocations=7 (full 1):
 PSYoungGen      total 14848K, used 825K [0x00000000f5980000, 0x00000000f6a80000, 0x0000000100000000)
  eden space 12288K, 0% used [0x00000000f5980000,0x00000000f5980000,0x00000000f6580000)
  from space 2560K, 32% used [0x00000000f6800000,0x00000000f68ce548,0x00000000f6a80000)
  to   space 2560K, 0% used [0x00000000f6580000,0x00000000f6580000,0x00000000f6800000)
 ParOldGen       total 10240K, used 5237K [0x00000000e0c00000, 0x00000000e1600000, 0x00000000f5980000)
  object space 10240K, 51% used [0x00000000e0c00000,0x00000000e111d438,0x00000000e1600000)
 Metaspace       used 7601K, capacity 8372K, committed 8704K, reserved 1056768K
  class space    used 906K, capacity 944K, committed 1024K, reserved 1048576K
}
Event: 1.764 GC heap before
{Heap before GC invocations=8 (full 1):
 PSYoungGen      total 14848K, used 13113K [0x00000000f5980000, 0x00000000f6a80000, 0x0000000100000000)
  eden space 12288K, 100% used [0x00000000f5980000,0x00000000f6580000,0x00000000f6580000)
  from space 2560K, 32% used [0x00000000f6800000,0x00000000f68ce548,0x00000000f6a80000)
  to   space 2560K, 0% used [0x00000000f6580000,0x00000000f6580000,0x00000000f6800000)
 ParOldGen       total 10240K, used 5237K [0x00000000e0c00000, 0x00000000e1600000, 0x00000000f5980000)
  object space 10240K, 51% used [0x00000000e0c00000,0x00000000e111d438,0x00000000e1600000)
 Metaspace       used 7702K, capacity 8436K, committed 8704K, reserved 1056768K
  class space    used 912K, capacity 944K, committed 1024K, reserved 1048576K
Event: 1.794 GC heap after
Heap after GC invocations=8 (full 1):
 PSYoungGen      total 14848K, used 2551K [0x00000000f5980000, 0x00000000f7600000, 0x0000000100000000)
  eden space 12288K, 0% used [0x00000000f5980000,0x00000000f5980000,0x00000000f6580000)
  from space 2560K, 99% used [0x00000000f6580000,0x00000000f67fddd8,0x00000000f6800000)
  to   space 5120K, 0% used [0x00000000f7100000,0x00000000f7100000,0x00000000f7600000)
 ParOldGen       total 10240K, used 9095K [0x00000000e0c00000, 0x00000000e1600000, 0x00000000f5980000)
  object space 10240K, 88% used [0x00000000e0c00000,0x00000000e14e1e38,0x00000000e1600000)
 Metaspace       used 7702K, capacity 8436K, committed 8704K, reserved 1056768K
  class space    used 912K, capacity 944K, committed 1024K, reserved 1048576K
}
Event: 1.794 GC heap before
{Heap before GC invocations=9 (full 2):
 PSYoungGen      total 14848K, used 2551K [0x00000000f5980000, 0x00000000f7600000, 0x0000000100000000)
  eden space 12288K, 0% used [0x00000000f5980000,0x00000000f5980000,0x00000000f6580000)
  from space 2560K, 99% used [0x00000000f6580000,0x00000000f67fddd8,0x00000000f6800000)
  to   space 5120K, 0% used [0x00000000f7100000,0x00000000f7100000,0x00000000f7600000)
 ParOldGen       total 10240K, used 9095K [0x00000000e0c00000, 0x00000000e1600000, 0x00000000f5980000)
  object space 10240K, 88% used [0x00000000e0c00000,0x00000000e14e1e38,0x00000000e1600000)
 Metaspace       used 7702K, capacity 8436K, committed 8704K, reserved 1056768K
  class space    used 912K, capacity 944K, committed 1024K, reserved 1048576K

